Analysis & Synthesis report for UAS
Sun Dec 13 20:31:38 2020
Quartus Prime Version 20.1.0 Build 711 06/05/2020 SJ Lite Edition


---------------------
; Table of Contents ;
---------------------
  1. Legal Notice
  2. Analysis & Synthesis Summary
  3. Analysis & Synthesis Settings
  4. Parallel Compilation
  5. Analysis & Synthesis Source Files Read
  6. Analysis & Synthesis Resource Usage Summary
  7. Analysis & Synthesis Resource Utilization by Entity
  8. General Register Statistics
  9. Post-Synthesis Netlist Statistics for Top Partition
 10. Elapsed Time Per Partition
 11. Analysis & Synthesis Messages



----------------
; Legal Notice ;
----------------
Copyright (C) 2020  Intel Corporation. All rights reserved.
Your use of Intel Corporation's design tools, logic functions 
and other software and tools, and any partner logic 
functions, and any output files from any of the foregoing 
(including device programming or simulation files), and any 
associated documentation or information are expressly subject 
to the terms and conditions of the Intel Program License 
Subscription Agreement, the Intel Quartus Prime License Agreement,
the Intel FPGA IP License Agreement, or other applicable license
agreement, including, without limitation, that your use is for
the sole purpose of programming logic devices manufactured by
Intel and sold by Intel or its authorized distributors.  Please
refer to the applicable agreement for further details, at
https://fpgasoftware.intel.com/eula.



+-------------------------------------------------------------------------------+
; Analysis & Synthesis Summary                                                  ;
+---------------------------------+---------------------------------------------+
; Analysis & Synthesis Status     ; Successful - Sun Dec 13 20:31:38 2020       ;
; Quartus Prime Version           ; 20.1.0 Build 711 06/05/2020 SJ Lite Edition ;
; Revision Name                   ; UAS                                         ;
; Top-level Entity Name           ; Risc_16_bit                                 ;
; Family                          ; Cyclone V                                   ;
; Logic utilization (in ALMs)     ; N/A                                         ;
; Total registers                 ; 0                                           ;
; Total pins                      ; 1                                           ;
; Total virtual pins              ; 0                                           ;
; Total block memory bits         ; 0                                           ;
; Total DSP Blocks                ; 0                                           ;
; Total HSSI RX PCSs              ; 0                                           ;
; Total HSSI PMA RX Deserializers ; 0                                           ;
; Total HSSI TX PCSs              ; 0                                           ;
; Total HSSI PMA TX Serializers   ; 0                                           ;
; Total PLLs                      ; 0                                           ;
; Total DLLs                      ; 0                                           ;
+---------------------------------+---------------------------------------------+


+---------------------------------------------------------------------------------------------------------------------------+
; Analysis & Synthesis Settings                                                                                             ;
+---------------------------------------------------------------------------------+--------------------+--------------------+
; Option                                                                          ; Setting            ; Default Value      ;
+---------------------------------------------------------------------------------+--------------------+--------------------+
; Device                                                                          ; 5CGXFC7C7F23C8     ;                    ;
; Top-level entity name                                                           ; Risc_16_bit        ; UAS                ;
; Family name                                                                     ; Cyclone V          ; Cyclone V          ;
; Use smart compilation                                                           ; Off                ; Off                ;
; Enable parallel Assembler and Timing Analyzer during compilation                ; On                 ; On                 ;
; Enable compact report table                                                     ; Off                ; Off                ;
; Restructure Multiplexers                                                        ; Auto               ; Auto               ;
; MLAB Add Timing Constraints For Mixed-Port Feed-Through Mode Setting Don't Care ; Off                ; Off                ;
; Create Debugging Nodes for IP Cores                                             ; Off                ; Off                ;
; Preserve fewer node names                                                       ; On                 ; On                 ;
; Intel FPGA IP Evaluation Mode                                                   ; Enable             ; Enable             ;
; Verilog Version                                                                 ; Verilog_2001       ; Verilog_2001       ;
; VHDL Version                                                                    ; VHDL_1993          ; VHDL_1993          ;
; State Machine Processing                                                        ; Auto               ; Auto               ;
; Safe State Machine                                                              ; Off                ; Off                ;
; Extract Verilog State Machines                                                  ; On                 ; On                 ;
; Extract VHDL State Machines                                                     ; On                 ; On                 ;
; Ignore Verilog initial constructs                                               ; Off                ; Off                ;
; Iteration limit for constant Verilog loops                                      ; 5000               ; 5000               ;
; Iteration limit for non-constant Verilog loops                                  ; 250                ; 250                ;
; Add Pass-Through Logic to Inferred RAMs                                         ; On                 ; On                 ;
; Infer RAMs from Raw Logic                                                       ; On                 ; On                 ;
; Parallel Synthesis                                                              ; On                 ; On                 ;
; DSP Block Balancing                                                             ; Auto               ; Auto               ;
; NOT Gate Push-Back                                                              ; On                 ; On                 ;
; Power-Up Don't Care                                                             ; On                 ; On                 ;
; Remove Redundant Logic Cells                                                    ; Off                ; Off                ;
; Remove Duplicate Registers                                                      ; On                 ; On                 ;
; Ignore CARRY Buffers                                                            ; Off                ; Off                ;
; Ignore CASCADE Buffers                                                          ; Off                ; Off                ;
; Ignore GLOBAL Buffers                                                           ; Off                ; Off                ;
; Ignore ROW GLOBAL Buffers                                                       ; Off                ; Off                ;
; Ignore LCELL Buffers                                                            ; Off                ; Off                ;
; Ignore SOFT Buffers                                                             ; On                 ; On                 ;
; Limit AHDL Integers to 32 Bits                                                  ; Off                ; Off                ;
; Optimization Technique                                                          ; Balanced           ; Balanced           ;
; Carry Chain Length                                                              ; 70                 ; 70                 ;
; Auto Carry Chains                                                               ; On                 ; On                 ;
; Auto Open-Drain Pins                                                            ; On                 ; On                 ;
; Perform WYSIWYG Primitive Resynthesis                                           ; Off                ; Off                ;
; Auto ROM Replacement                                                            ; On                 ; On                 ;
; Auto RAM Replacement                                                            ; On                 ; On                 ;
; Auto DSP Block Replacement                                                      ; On                 ; On                 ;
; Auto Shift Register Replacement                                                 ; Auto               ; Auto               ;
; Allow Shift Register Merging across Hierarchies                                 ; Auto               ; Auto               ;
; Auto Clock Enable Replacement                                                   ; On                 ; On                 ;
; Strict RAM Replacement                                                          ; Off                ; Off                ;
; Allow Synchronous Control Signals                                               ; On                 ; On                 ;
; Force Use of Synchronous Clear Signals                                          ; Off                ; Off                ;
; Auto Resource Sharing                                                           ; Off                ; Off                ;
; Allow Any RAM Size For Recognition                                              ; Off                ; Off                ;
; Allow Any ROM Size For Recognition                                              ; Off                ; Off                ;
; Allow Any Shift Register Size For Recognition                                   ; Off                ; Off                ;
; Use LogicLock Constraints during Resource Balancing                             ; On                 ; On                 ;
; Ignore translate_off and synthesis_off directives                               ; Off                ; Off                ;
; Timing-Driven Synthesis                                                         ; On                 ; On                 ;
; Report Parameter Settings                                                       ; On                 ; On                 ;
; Report Source Assignments                                                       ; On                 ; On                 ;
; Report Connectivity Checks                                                      ; On                 ; On                 ;
; Ignore Maximum Fan-Out Assignments                                              ; Off                ; Off                ;
; Synchronization Register Chain Length                                           ; 3                  ; 3                  ;
; Power Optimization During Synthesis                                             ; Normal compilation ; Normal compilation ;
; HDL message level                                                               ; Level2             ; Level2             ;
; Suppress Register Optimization Related Messages                                 ; Off                ; Off                ;
; Number of Removed Registers Reported in Synthesis Report                        ; 5000               ; 5000               ;
; Number of Swept Nodes Reported in Synthesis Report                              ; 5000               ; 5000               ;
; Number of Inverted Registers Reported in Synthesis Report                       ; 100                ; 100                ;
; Clock MUX Protection                                                            ; On                 ; On                 ;
; Auto Gated Clock Conversion                                                     ; Off                ; Off                ;
; Block Design Naming                                                             ; Auto               ; Auto               ;
; SDC constraint protection                                                       ; Off                ; Off                ;
; Synthesis Effort                                                                ; Auto               ; Auto               ;
; Shift Register Replacement - Allow Asynchronous Clear Signal                    ; On                 ; On                 ;
; Pre-Mapping Resynthesis Optimization                                            ; Off                ; Off                ;
; Analysis & Synthesis Message Level                                              ; Medium             ; Medium             ;
; Disable Register Merging Across Hierarchies                                     ; Auto               ; Auto               ;
; Resource Aware Inference For Block RAM                                          ; On                 ; On                 ;
; Automatic Parallel Synthesis                                                    ; On                 ; On                 ;
; Partial Reconfiguration Bitstream ID                                            ; Off                ; Off                ;
+---------------------------------------------------------------------------------+--------------------+--------------------+


+------------------------------------------+
; Parallel Compilation                     ;
+----------------------------+-------------+
; Processors                 ; Number      ;
+----------------------------+-------------+
; Number detected on machine ; 8           ;
; Maximum allowed            ; 4           ;
;                            ;             ;
; Average used               ; 1.00        ;
; Maximum used               ; 1           ;
;                            ;             ;
; Usage by Processor         ; % Time Used ;
;     Processor 1            ; 100.0%      ;
+----------------------------+-------------+


+------------------------------------------------------------------------------------------------------------------------------------------+
; Analysis & Synthesis Source Files Read                                                                                                   ;
+----------------------------------+-----------------+------------------------+--------------------------------------------------+---------+
; File Name with User-Entered Path ; Used in Netlist ; File Type              ; File Name with Absolute Path                     ; Library ;
+----------------------------------+-----------------+------------------------+--------------------------------------------------+---------+
; ALU.v                            ; yes             ; User Verilog HDL File  ; A:/Tugas/Semester 5/DSD/UAS/ALU.v                ;         ;
; Control_Unit.v                   ; yes             ; User Verilog HDL File  ; A:/Tugas/Semester 5/DSD/UAS/Control_Unit.v       ;         ;
; Data_Memory.v                    ; yes             ; User Verilog HDL File  ; A:/Tugas/Semester 5/DSD/UAS/Data_Memory.v        ;         ;
; Datapath_Unit.v                  ; yes             ; User Verilog HDL File  ; A:/Tugas/Semester 5/DSD/UAS/Datapath_Unit.v      ;         ;
; GPRs.v                           ; yes             ; User Verilog HDL File  ; A:/Tugas/Semester 5/DSD/UAS/GPRs.v               ;         ;
; Instruction_Memory.v             ; yes             ; User Verilog HDL File  ; A:/Tugas/Semester 5/DSD/UAS/Instruction_Memory.v ;         ;
; Parameter.v                      ; yes             ; User Verilog HDL File  ; A:/Tugas/Semester 5/DSD/UAS/Parameter.v          ;         ;
; Risc_16_bit.v                    ; yes             ; User Verilog HDL File  ; A:/Tugas/Semester 5/DSD/UAS/Risc_16_bit.v        ;         ;
; alu_control.v                    ; yes             ; User Verilog HDL File  ; A:/Tugas/Semester 5/DSD/UAS/alu_control.v        ;         ;
+----------------------------------+-----------------+------------------------+--------------------------------------------------+---------+


+-----------------------------------------------------+
; Analysis & Synthesis Resource Usage Summary         ;
+---------------------------------------------+-------+
; Resource                                    ; Usage ;
+---------------------------------------------+-------+
; Estimate of Logic utilization (ALMs needed) ; 0     ;
;                                             ;       ;
; Combinational ALUT usage for logic          ; 0     ;
;     -- 7 input functions                    ; 0     ;
;     -- 6 input functions                    ; 0     ;
;     -- 5 input functions                    ; 0     ;
;     -- 4 input functions                    ; 0     ;
;     -- <=3 input functions                  ; 0     ;
;                                             ;       ;
; Dedicated logic registers                   ; 0     ;
;                                             ;       ;
; I/O pins                                    ; 1     ;
;                                             ;       ;
; Total DSP Blocks                            ; 0     ;
;                                             ;       ;
; Maximum fan-out node                        ; clk   ;
; Maximum fan-out                             ; 1     ;
; Total fan-out                               ; 1     ;
; Average fan-out                             ; 0.50  ;
+---------------------------------------------+-------+


+----------------------------------------------------------------------------------------------------------------------------------------------------------------------------------------+
; Analysis & Synthesis Resource Utilization by Entity                                                                                                                                    ;
+----------------------------+---------------------+---------------------------+-------------------+------------+------+--------------+---------------------+-------------+--------------+
; Compilation Hierarchy Node ; Combinational ALUTs ; Dedicated Logic Registers ; Block Memory Bits ; DSP Blocks ; Pins ; Virtual Pins ; Full Hierarchy Name ; Entity Name ; Library Name ;
+----------------------------+---------------------+---------------------------+-------------------+------------+------+--------------+---------------------+-------------+--------------+
; |Risc_16_bit               ; 0 (0)               ; 0 (0)                     ; 0                 ; 0          ; 1    ; 0            ; |Risc_16_bit        ; Risc_16_bit ; work         ;
+----------------------------+---------------------+---------------------------+-------------------+------------+------+--------------+---------------------+-------------+--------------+
Note: For table entries with two numbers listed, the numbers in parentheses indicate the number of resources of the given type used by the specific entity alone. The numbers listed outside of parentheses indicate the total resources of the given type used by the specific entity and all of its sub-entities in the hierarchy.


+------------------------------------------------------+
; General Register Statistics                          ;
+----------------------------------------------+-------+
; Statistic                                    ; Value ;
+----------------------------------------------+-------+
; Total registers                              ; 0     ;
; Number of registers using Synchronous Clear  ; 0     ;
; Number of registers using Synchronous Load   ; 0     ;
; Number of registers using Asynchronous Clear ; 0     ;
; Number of registers using Asynchronous Load  ; 0     ;
; Number of registers using Clock Enable       ; 0     ;
; Number of registers using Preset             ; 0     ;
+----------------------------------------------+-------+


+-----------------------------------------------------+
; Post-Synthesis Netlist Statistics for Top Partition ;
+-------------------+---------------------------------+
; Type              ; Count                           ;
+-------------------+---------------------------------+
; boundary_port     ; 1                               ;
;                   ;                                 ;
; Max LUT depth     ; 0.00                            ;
; Average LUT depth ; 0.00                            ;
+-------------------+---------------------------------+


+-------------------------------+
; Elapsed Time Per Partition    ;
+----------------+--------------+
; Partition Name ; Elapsed Time ;
+----------------+--------------+
; Top            ; 00:00:00     ;
+----------------+--------------+


+-------------------------------+
; Analysis & Synthesis Messages ;
+-------------------------------+
Info: *******************************************************************
Info: Running Quartus Prime Analysis & Synthesis
    Info: Version 20.1.0 Build 711 06/05/2020 SJ Lite Edition
    Info: Processing started: Sun Dec 13 20:31:19 2020
Info: Command: quartus_map --read_settings_files=on --write_settings_files=off UAS -c UAS
Warning (18236): Number of processors has not been specified which may cause overloading on shared machines.  Set the global assignment NUM_PARALLEL_PROCESSORS in your QSF to an appropriate value for best performance.
Info (20030): Parallel compilation is enabled and will use 4 of the 4 processors detected
Info (12021): Found 1 design units, including 1 entities, in source file alu.v
    Info (12023): Found entity 1: ALU File: A:/Tugas/Semester 5/DSD/UAS/ALU.v Line: 5
Info (12021): Found 1 design units, including 1 entities, in source file control_unit.v
    Info (12023): Found entity 1: Control_Unit File: A:/Tugas/Semester 5/DSD/UAS/Control_Unit.v Line: 6
Info (12021): Found 1 design units, including 1 entities, in source file data_memory.v
    Info (12023): Found entity 1: Data_Memory File: A:/Tugas/Semester 5/DSD/UAS/Data_Memory.v Line: 7
Info (12021): Found 1 design units, including 1 entities, in source file datapath_unit.v
    Info (12023): Found entity 1: Datapath_Unit File: A:/Tugas/Semester 5/DSD/UAS/Datapath_Unit.v Line: 6
Info (12021): Found 1 design units, including 1 entities, in source file gprs.v
    Info (12023): Found entity 1: GPRs File: A:/Tugas/Semester 5/DSD/UAS/GPRs.v Line: 6
Info (12021): Found 1 design units, including 1 entities, in source file instruction_memory.v
    Info (12023): Found entity 1: Instruction_Memory File: A:/Tugas/Semester 5/DSD/UAS/Instruction_Memory.v Line: 6
Info (12021): Found 0 design units, including 0 entities, in source file parameter.v
Info (12021): Found 1 design units, including 1 entities, in source file risc_16_bit.v
    Info (12023): Found entity 1: Risc_16_bit File: A:/Tugas/Semester 5/DSD/UAS/Risc_16_bit.v Line: 6
Info (12021): Found 1 design units, including 1 entities, in source file risc_16_bit_tb.v
    Info (12023): Found entity 1: Risc_16_bit_tb File: A:/Tugas/Semester 5/DSD/UAS/Risc_16_bit_tb.v Line: 7
Info (12021): Found 1 design units, including 1 entities, in source file alu_control.v
    Info (12023): Found entity 1: alu_control File: A:/Tugas/Semester 5/DSD/UAS/alu_control.v Line: 5
Warning (10236): Verilog HDL Implicit Net warning at Datapath_Unit.v(90): created implicit net for "bne_control" File: A:/Tugas/Semester 5/DSD/UAS/Datapath_Unit.v Line: 90
Info (12127): Elaborating entity "Risc_16_bit" for the top level hierarchy
Info (12128): Elaborating entity "Datapath_Unit" for hierarchy "Datapath_Unit:DU" File: A:/Tugas/Semester 5/DSD/UAS/Risc_16_bit.v Line: 30
Info (12128): Elaborating entity "Instruction_Memory" for hierarchy "Datapath_Unit:DU|Instruction_Memory:im" File: A:/Tugas/Semester 5/DSD/UAS/Datapath_Unit.v Line: 42
Warning (10030): Net "memory.data_a" at Instruction_Memory.v(11) has no driver or initial value, using a default initial value '0' File: A:/Tugas/Semester 5/DSD/UAS/Instruction_Memory.v Line: 11
Warning (10030): Net "memory.waddr_a" at Instruction_Memory.v(11) has no driver or initial value, using a default initial value '0' File: A:/Tugas/Semester 5/DSD/UAS/Instruction_Memory.v Line: 11
Warning (10030): Net "memory.we_a" at Instruction_Memory.v(11) has no driver or initial value, using a default initial value '0' File: A:/Tugas/Semester 5/DSD/UAS/Instruction_Memory.v Line: 11
Info (12128): Elaborating entity "GPRs" for hierarchy "Datapath_Unit:DU|GPRs:reg_file" File: A:/Tugas/Semester 5/DSD/UAS/Datapath_Unit.v Line: 64
Info (12128): Elaborating entity "alu_control" for hierarchy "Datapath_Unit:DU|alu_control:ALU_Control_unit" File: A:/Tugas/Semester 5/DSD/UAS/Datapath_Unit.v Line: 74
Info (12128): Elaborating entity "ALU" for hierarchy "Datapath_Unit:DU|ALU:alu_unit" File: A:/Tugas/Semester 5/DSD/UAS/Datapath_Unit.v Line: 84
Info (12128): Elaborating entity "Data_Memory" for hierarchy "Datapath_Unit:DU|Data_Memory:dm" File: A:/Tugas/Semester 5/DSD/UAS/Datapath_Unit.v Line: 109
Info (12128): Elaborating entity "Control_Unit" for hierarchy "Control_Unit:control" File: A:/Tugas/Semester 5/DSD/UAS/Risc_16_bit.v Line: 48
Info (16010): Generating hard_block partition "hard_block:auto_generated_inst"
    Info (16011): Adding 0 node(s), including 0 DDIO, 0 PLL, 0 transceiver and 0 LCELL
Warning (21074): Design contains 1 input pin(s) that do not drive logic
    Warning (15610): No output dependent on input pin "clk" File: A:/Tugas/Semester 5/DSD/UAS/Risc_16_bit.v Line: 8
Info (21057): Implemented 1 device resources after synthesis - the final resource count might be different
    Info (21058): Implemented 1 input pins
    Info (21059): Implemented 0 output pins
Info: Quartus Prime Analysis & Synthesis was successful. 0 errors, 7 warnings
    Info: Peak virtual memory: 4808 megabytes
    Info: Processing ended: Sun Dec 13 20:31:38 2020
    Info: Elapsed time: 00:00:19
    Info: Total CPU time (on all processors): 00:00:26


